<?xml version="1.0" encoding="UTF-8"?>
<!-- Generated by org.testng.reporters.JUnitXMLReporter -->
<testsuite ignored="5" hostname="DESKTOP-PKSDS0O" failures="0" tests="3" name="Default test" time="23.353" errors="0" timestamp="2022-05-29T23:36:19 SAST">
  <testcase classname="tricentisTests.TricentisWebsiteTests" name="GIVEN_TwoItemsSelected_WHEN_SelectedItemsAddedToCompareList_THEN_SelectedItemsWithPricesDisplayOnComparisonTable" time="6.409"/>
  <testcase classname="tricentisTests.TricentisWebsiteTests" name="GIVEN_TwoItemsSelected_WHEN_SelectedItemsAddedToCompareList_THEN_SelectedItemsWithPricesDisplayOnComparisonTable" time="5.948"/>
  <testcase classname="tricentisTests.TricentisWebsiteTests" name="GIVEN_TwoItemsSelected_WHEN_SelectedItemsAddedToCompareList_THEN_SelectedItemsWithPricesDisplayOnComparisonTable" time="5.836"/>
  <testcase classname="tricentisTests.TricentisWebsiteTests" name="GIVEN_OneItemAddedToCart_WHEN_NavigateToCart_AND_ShippingDetailsUnitedStatesAlaska99501Entered_AND_EstimateShippingButtonClicked_THEN_GroundEstimateZero" time="0.0">
    <ignored/>
  </testcase> <!-- GIVEN_OneItemAddedToCart_WHEN_NavigateToCart_AND_ShippingDetailsUnitedStatesAlaska99501Entered_AND_EstimateShippingButtonClicked_THEN_GroundEstimateZero -->
  <testcase classname="tricentisTests.TricentisWebsiteTests" name="GIVEN_ShopperOnCartPage_AND_OneItemAdded_WHEN_ItemQuantityChangeToTwo_THEN_ItemQuantityDisplaysAsTwo" time="0.0">
    <ignored/>
  </testcase> <!-- GIVEN_ShopperOnCartPage_AND_OneItemAdded_WHEN_ItemQuantityChangeToTwo_THEN_ItemQuantityDisplaysAsTwo -->
  <testcase classname="tricentisTests.TricentisWebsiteTests" name="GIVEN_ShopperOnHomePage_WHEN_TopMenuBarUsed_AND_Electronics_OptionCellPhones_ItemSmartPhoneSelected_AND_ItemAddedToCart_THEN_SmartPhoneDisplaysOnCartPage" time="0.0">
    <ignored/>
  </testcase> <!-- GIVEN_ShopperOnHomePage_WHEN_TopMenuBarUsed_AND_Electronics_OptionCellPhones_ItemSmartPhoneSelected_AND_ItemAddedToCart_THEN_SmartPhoneDisplaysOnCartPage -->
  <testcase classname="tricentisTests.TricentisWebsiteTests" name="GIVEN_ShopperOnCartPage_AND_OneItemAdded_WHEN_RemoveChecked_AND_UpdateShoppingCartClicked_THEN_ItemRemovedFromCart" time="0.0">
    <ignored/>
  </testcase> <!-- GIVEN_ShopperOnCartPage_AND_OneItemAdded_WHEN_RemoveChecked_AND_UpdateShoppingCartClicked_THEN_ItemRemovedFromCart -->
  <testcase classname="tricentisTests.TricentisWebsiteTests" name="GIVEN_ShopperOnHomePage_WHEN_CategoriesNavigationUsed_AND_Computers_OptionDesktops_ItemSimpleComputerSelected_AND_ItemAddedToCart_THEN_SimpleComputerDisplaysOnCartPage" time="0.0">
    <ignored/>
  </testcase> <!-- GIVEN_ShopperOnHomePage_WHEN_CategoriesNavigationUsed_AND_Computers_OptionDesktops_ItemSimpleComputerSelected_AND_ItemAddedToCart_THEN_SimpleComputerDisplaysOnCartPage -->
</testsuite> <!-- Default test -->
