<?xml version="1.0" encoding="UTF-8"?>
<!-- Generated by org.testng.reporters.JUnitXMLReporter -->
<testsuite ignored="0" hostname="DESKTOP-PKSDS0O" failures="0" tests="8" name="Test" time="223.263" errors="0" timestamp="2022-05-30T22:04:58 SAST">
  <testcase classname="tricentisTests.TricentisWebsiteTests" name="GIVEN_OneItemAddedToCart_WHEN_NavigateToCart_AND_ShippingDetailsUnitedStatesAlaska99501Entered_AND_EstimateShippingButtonClicked_THEN_GroundEstimateZero" time="6.795"/>
  <testcase classname="tricentisTests.TricentisWebsiteTests" name="GIVEN_ShopperOnCartPage_AND_OneItemAdded_WHEN_ItemQuantityChangeToTwo_THEN_ItemQuantityDisplaysAsTwo" time="6.013"/>
  <testcase classname="tricentisTests.TricentisWebsiteTests" name="GIVEN_ShopperOnCartPage_AND_OneItemAdded_WHEN_RemoveChecked_AND_UpdateShoppingCartClicked_THEN_ItemRemovedFromCart" time="10.34"/>
  <testcase classname="tricentisTests.TricentisWebsiteTests" name="GIVEN_ShopperOnHomePage_WHEN_CategoriesNavigationUsed_AND_Computers_OptionDesktops_ItemSimpleComputerSelected_AND_ItemAddedToCart_THEN_SimpleComputerDisplaysOnCartPage" time="6.252"/>
  <testcase classname="tricentisTests.TricentisWebsiteTests" name="GIVEN_ShopperOnHomePage_WHEN_TopMenuBarUsed_AND_Electronics_OptionCellPhones_ItemSmartPhoneSelected_AND_ItemAddedToCart_THEN_SmartPhoneDisplaysOnCartPage" time="6.377"/>
  <testcase classname="tricentisTests.TricentisWebsiteTests" name="GIVEN_TwoItemsSelected_WHEN_SelectedItemsAddedToCompareList_THEN_SelectedItemsWithPricesDisplayOnComparisonTable" time="9.003"/>
  <testcase classname="tricentisTests.TricentisWebsiteTests" name="GIVEN_TwoItemsSelected_WHEN_SelectedItemsAddedToCompareList_THEN_SelectedItemsWithPricesDisplayOnComparisonTable" time="6.468"/>
  <testcase classname="tricentisTests.TricentisWebsiteTests" name="GIVEN_TwoItemsSelected_WHEN_SelectedItemsAddedToCompareList_THEN_SelectedItemsWithPricesDisplayOnComparisonTable" time="6.57"/>
</testsuite> <!-- Test -->
