<?xml version="1.0" encoding="UTF-8"?>
<testng-results ignored="4" total="5" passed="1" failed="0" skipped="0">
  <reporter-output>
  </reporter-output>
  <suite started-at="2022-06-10T07:16:27 SAST" name="Default suite" finished-at="2022-06-10T07:16:41 SAST" duration-ms="14747">
    <groups>
    </groups>
    <test started-at="2022-06-10T07:16:27 SAST" name="Default test" finished-at="2022-06-10T07:16:41 SAST" duration-ms="14747">
      <class name="tricentisTests.TricentisWebsiteCartTests">
        <test-method signature="GIVEN_OneItemAddedToCart_WHEN_NavigateToCart_AND_ShippingDetailsUnitedStatesAlaska99501Entered_AND_EstimateShippingButtonClicked_THEN_GroundEstimateZero()[pri:0, instance:tricentisTests.TricentisWebsiteCartTests@389562d6]" started-at="2022-06-10T07:16:27 SAST" name="GIVEN_OneItemAddedToCart_WHEN_NavigateToCart_AND_ShippingDetailsUnitedStatesAlaska99501Entered_AND_EstimateShippingButtonClicked_THEN_GroundEstimateZero" finished-at="2022-06-10T07:16:40 SAST" duration-ms="13309" status="PASS">
          <reporter-output>
          </reporter-output>
        </test-method> <!-- GIVEN_OneItemAddedToCart_WHEN_NavigateToCart_AND_ShippingDetailsUnitedStatesAlaska99501Entered_AND_EstimateShippingButtonClicked_THEN_GroundEstimateZero -->
        <test-method is-config="true" signature="testCleanup()[pri:0, instance:tricentisTests.TricentisWebsiteCartTests@389562d6]" started-at="2022-06-10T07:16:40 SAST" name="testCleanup" finished-at="2022-06-10T07:16:41 SAST" duration-ms="1394" status="PASS">
          <reporter-output>
          </reporter-output>
        </test-method> <!-- testCleanup -->
      </class> <!-- tricentisTests.TricentisWebsiteCartTests -->
    </test> <!-- Default test -->
  </suite> <!-- Default suite -->
</testng-results>
